Drill report for Y:/Juniper Garden/Twig/temp sensor.kicad_pcb
Created on 10/24/2021 1:27:03 AM

Copper Layer Stackup:
    =============================================================
    L1 :  F.Cu                      front
    L2 :  B.Cu                      back


Drill file 'temp sensor-PTH.drl' contains
    plated through holes:
    =============================================================
    T1  0.400mm  0.0157"  (97 holes)
    T2  0.600mm  0.0236"  (10 holes)  (with 6 slots)
    T3  0.650mm  0.0256"  (2 holes)
    T4  0.850mm  0.0335"  (2 holes)
    T5  1.000mm  0.0394"  (6 holes)

    Total plated holes count 117


Drill file 'temp sensor-NPTH.drl' contains
    unplated through holes:
    =============================================================
    T1  3.200mm  0.1260"  (2 holes)

    Total unplated holes count 2
